{
  "RSpec": {
    "coverage": {
      "/Users/benvaughan-jones/Projects/oystercard/John/Oyster_card_challenge/spec/feature_test_spec.rb": [
        1,
        1,
        1,
        null,
        1,
        10,
        6,
        3,
        null,
        null,
        null,
        1,
        1,
        null,
        null,
        null,
        null,
        1,
        4,
        null,
        null,
        null,
        null,
        null,
        1,
        2,
        null,
        null,
        null,
        null,
        null,
        null,
        null,
        null,
        null,
        null,
        null,
        null,
        null,
        1,
        1,
        2,
        2,
        null,
        1,
        null,
        null,
        null,
        1,
        2,
        null,
        null,
        null,
        null,
        1,
        1,
        1,
        4,
        null,
        null,
        null,
        null,
        1,
        1,
        4,
        null,
        null,
        null,
        null,
        null,
        1,
        1,
        1,
        1,
        1,
        1,
        1,
        1,
        1,
        1,
        1,
        null,
        null,
        null,
        null,
        null,
        null,
        1,
        1,
        1,
        1,
        1,
        1,
        null,
        null,
        null,
        null,
        1,
        1,
        1,
        1,
        null,
        1,
        1,
        1,
        1,
        null,
        null,
        null,
        null,
        null,
        null,
        null
      ],
      "/Users/benvaughan-jones/Projects/oystercard/John/Oyster_card_challenge/lib/oystercard.rb": [
        1,
        1,
        null,
        1,
        1,
        1,
        1,
        1,
        null,
        1,
        21,
        21,
        21,
        null,
        null,
        1,
        12,
        10,
        null,
        null,
        1,
        9,
        7,
        7,
        null,
        null,
        1,
        4,
        4,
        4,
        4,
        null,
        null,
        1,
        4,
        null,
        null,
        1,
        1,
        4,
        null,
        null
      ],
      "/Users/benvaughan-jones/Projects/oystercard/John/Oyster_card_challenge/lib/journey_log.rb": [
        1,
        null,
        1,
        1,
        1,
        null,
        1,
        33,
        33,
        33,
        null,
        null,
        1,
        7,
        null,
        null,
        1,
        4,
        4,
        4,
        null,
        null,
        1,
        2,
        2,
        null,
        null,
        1,
        1,
        null,
        null,
        1,
        1,
        null,
        null,
        1,
        1,
        0,
        null,
        null
      ],
      "/Users/benvaughan-jones/Projects/oystercard/John/Oyster_card_challenge/lib/journey.rb": [
        1,
        1,
        null,
        1,
        41,
        41,
        null,
        null,
        1,
        1,
        null,
        1,
        5,
        3,
        null,
        2,
        null,
        null,
        null,
        1,
        13,
        null,
        null,
        1,
        9,
        null,
        null,
        null
      ],
      "/Users/benvaughan-jones/Projects/oystercard/John/Oyster_card_challenge/lib/station.rb": [
        1,
        1,
        null,
        1,
        11,
        11,
        null,
        null,
        null
      ],
      "/Users/benvaughan-jones/Projects/oystercard/John/Oyster_card_challenge/spec/journey_log_spec.rb": [
        1,
        1,
        null,
        1,
        1,
        1,
        1,
        null,
        null,
        null,
        1,
        1,
        1,
        null,
        null,
        null,
        1,
        1,
        1,
        null,
        1,
        1,
        1,
        1,
        null,
        null,
        null,
        1,
        2,
        null,
        1,
        1,
        null,
        1,
        1,
        1,
        1,
        null,
        null,
        1,
        2,
        2,
        null,
        1,
        1,
        null,
        1,
        1,
        1,
        1,
        1,
        null,
        null,
        1,
        2,
        null,
        1,
        1,
        null,
        null,
        1,
        1,
        1,
        1,
        1,
        null,
        null,
        1,
        2,
        2,
        null,
        1,
        1,
        null,
        1,
        1,
        1,
        1,
        1,
        null,
        null,
        null,
        null
      ],
      "/Users/benvaughan-jones/Projects/oystercard/John/Oyster_card_challenge/spec/journey_spec.rb": [
        1,
        null,
        1,
        4,
        1,
        2,
        null,
        1,
        2,
        null,
        null,
        1,
        1,
        1,
        null,
        1,
        1,
        1,
        1,
        1,
        1,
        1,
        null,
        1,
        1,
        1,
        1,
        1,
        1,
        1,
        null,
        null,
        null
      ],
      "/Users/benvaughan-jones/Projects/oystercard/John/Oyster_card_challenge/spec/oystercard_spec.rb": [
        1,
        1,
        null,
        null,
        1,
        1,
        1,
        1,
        null,
        1,
        1,
        null,
        null,
        null,
        1,
        1,
        1,
        null,
        1,
        4,
        null,
        null,
        1,
        1,
        1,
        2,
        null,
        null,
        null,
        null,
        null,
        null,
        null,
        null,
        null,
        null,
        null,
        null,
        null,
        null,
        null,
        null,
        null,
        null,
        null,
        null,
        null,
        null,
        null,
        1,
        3,
        null,
        1,
        1,
        1,
        null,
        null,
        null,
        null,
        null,
        1,
        1,
        1,
        null,
        null,
        1,
        1,
        2,
        null,
        null,
        null,
        null,
        1,
        2,
        2,
        null,
        1,
        1,
        null,
        null,
        null,
        null,
        null,
        null,
        1,
        1,
        4,
        null,
        null,
        null,
        null,
        null,
        null,
        null,
        null,
        null,
        null,
        null,
        null,
        null,
        null,
        null,
        null,
        null,
        null,
        null,
        null,
        null,
        null,
        null,
        null,
        null,
        null,
        null,
        null,
        null,
        null,
        null,
        null,
        null,
        null,
        null,
        null,
        null,
        null,
        null,
        null,
        null,
        null,
        null,
        null,
        null,
        null,
        null,
        null,
        null,
        null,
        null,
        null
      ],
      "/Users/benvaughan-jones/Projects/oystercard/John/Oyster_card_challenge/spec/station_spec.rb": [
        1,
        null,
        1,
        3,
        null,
        1,
        2,
        null,
        1,
        1,
        null,
        1,
        1,
        null,
        null
      ]
    },
    "timestamp": 1484324609
  }
}
